2019-01-12 10:42:03 - INFO  WebDriverFactory:36 - Method:InitDriver  - Message:Initializing driver instance...
2019-01-12 17:32:44 - INFO  WebDriverFactory:36 - Method:InitDriver  - Message:Initializing driver instance...
2019-01-12 17:42:40 - INFO  WebDriverFactory:36 - Method:InitDriver  - Message:Initializing driver instance...
2019-01-12 17:56:19 - INFO  WebDriverFactory:36 - Method:InitDriver  - Message:Initializing driver instance...
2019-01-12 18:22:51 - INFO  WebDriverFactory:36 - Method:InitDriver  - Message:Initializing driver instance...
2019-01-12 18:25:34 - INFO  WebDriverFactory:36 - Method:InitDriver  - Message:Initializing driver instance...
2019-01-12 18:31:35 - INFO  WebDriverFactory:36 - Method:InitDriver  - Message:Initializing driver instance...
2019-01-12 18:32:21 - INFO  WebDriverFactory:36 - Method:InitDriver  - Message:Initializing driver instance...
2019-01-12 18:44:08 - INFO  WebDriverFactory:36 - Method:InitDriver  - Message:Initializing driver instance...
2019-01-12 18:49:32 - INFO  WebDriverFactory:36 - Method:InitDriver  - Message:Initializing driver instance...
2019-01-12 18:54:03 - INFO  WebDriverFactory:36 - Method:InitDriver  - Message:Initializing driver instance...
2019-01-12 18:56:51 - INFO  WebDriverFactory:36 - Method:InitDriver  - Message:Initializing driver instance...
2019-01-12 19:05:28 - INFO  WebDriverFactory:36 - Method:InitDriver  - Message:Initializing driver instance...
2019-01-12 19:06:35 - INFO  WebDriverFactory:36 - Method:InitDriver  - Message:Initializing driver instance...
2019-01-12 19:22:39 - INFO  WebDriverFactory:36 - Method:InitDriver  - Message:Initializing driver instance...
2019-01-12 19:25:34 - INFO  WebDriverFactory:36 - Method:InitDriver  - Message:Initializing driver instance...
2019-01-12 19:25:40 - INFO  WebDriverFactory:36 - Method:InitDriver  - Message:Initializing driver instance...
2019-01-12 19:26:11 - INFO  WebDriverFactory:36 - Method:InitDriver  - Message:Initializing driver instance...
2019-01-12 19:28:26 - INFO  WebDriverFactory:36 - Method:InitDriver  - Message:Initializing driver instance...
2019-01-12 19:51:54 - INFO  WebDriverFactory:36 - Method:InitDriver  - Message:Initializing driver instance...
2019-01-12 20:26:11 - INFO  WebDriverFactory:36 - Method:InitDriver  - Message:Initializing driver instance...
2019-01-12 20:28:11 - INFO  WebDriverFactory:36 - Method:InitDriver  - Message:Initializing driver instance...
2019-01-12 21:14:26 - INFO  WebDriverFactory:36 - Method:InitDriver  - Message:Initializing driver instance...
2019-01-12 21:16:43 - INFO  WebDriverFactory:36 - Method:InitDriver  - Message:Initializing driver instance...
2019-01-12 21:18:42 - INFO  WebDriverFactory:36 - Method:InitDriver  - Message:Initializing driver instance...
2019-01-12 21:21:12 - INFO  WebDriverFactory:36 - Method:InitDriver  - Message:Initializing driver instance...
2019-01-12 21:28:46 - INFO  WebDriverFactory:42 - Method:InitDriver  - Message:Initializing driver instance...
2019-01-12 21:30:43 - INFO  WebDriverFactory:42 - Method:InitDriver  - Message:Initializing driver instance...
2019-01-12 21:31:33 - INFO  WebDriverFactory:42 - Method:InitDriver  - Message:Initializing driver instance...
2019-01-12 21:37:17 - INFO  WebDriverFactory:42 - Method:InitDriver  - Message:Initializing driver instance...
2019-01-12 21:41:04 - INFO  WebDriverFactory:42 - Method:InitDriver  - Message:Initializing driver instance...
2019-01-12 21:47:43 - INFO  WebDriverFactory:42 - Method:InitDriver  - Message:Initializing driver instance...
2019-01-12 21:50:29 - INFO  WebDriverFactory:42 - Method:InitDriver  - Message:Initializing driver instance...
2019-01-12 22:01:18 - INFO  WebDriverFactory:42 - Method:InitDriver  - Message:Initializing driver instance...
2019-01-12 22:06:28 - INFO  WebDriverFactory:42 - Method:InitDriver  - Message:Initializing driver instance...
2019-01-12 22:08:54 - INFO  WebDriverFactory:42 - Method:InitDriver  - Message:Initializing driver instance...
2019-01-12 22:18:42 - INFO  WebDriverFactory:42 - Method:InitDriver  - Message:Initializing driver instance...
2019-01-12 22:20:54 - INFO  WebDriverFactory:42 - Method:InitDriver  - Message:Initializing driver instance...
2019-01-12 22:38:56 - INFO  WebDriverFactory:42 - Method:InitDriver  - Message:Initializing driver instance...
2019-01-12 22:45:56 - INFO  WebDriverFactory:42 - Method:InitDriver  - Message:Initializing driver instance...
2019-01-12 22:47:48 - INFO  WebDriverFactory:42 - Method:InitDriver  - Message:Initializing driver instance...
2019-01-12 22:48:39 - INFO  WebDriverFactory:42 - Method:InitDriver  - Message:Initializing driver instance...
2019-01-12 22:49:24 - INFO  WebDriverFactory:42 - Method:InitDriver  - Message:Initializing driver instance...
2019-01-12 22:51:34 - INFO  WebDriverFactory:42 - Method:InitDriver  - Message:Initializing driver instance...
2019-01-12 23:02:51 - INFO  WebDriverFactory:42 - Method:InitDriver  - Message:Initializing driver instance...
2019-01-12 23:03:24 - INFO  WebDriverFactory:42 - Method:InitDriver  - Message:Initializing driver instance...
2019-01-12 23:29:29 - INFO  WebDriverFactory:44 - Method:InitDriver  - Message:Initializing driver instance...
2019-01-12 23:29:56 - INFO  WebDriverFactory:44 - Method:InitDriver  - Message:Initializing driver instance...
2019-01-12 23:30:42 - INFO  WebDriverFactory:44 - Method:InitDriver  - Message:Initializing driver instance...
2019-01-12 23:47:02 - INFO  WebDriverFactory:44 - Method:InitDriver  - Message:Initializing driver instance...
2019-01-13 00:55:02 - INFO  WebDriverFactory:47 - Method:InitDriver  - Message:Initializing driver instance...
2019-01-13 01:04:37 - INFO  WebDriverFactory:47 - Method:InitDriver  - Message:Initializing driver instance...
2019-01-13 01:08:32 - INFO  WebDriverFactory:47 - Method:InitDriver  - Message:Initializing driver instance...
2019-01-13 01:09:23 - INFO  WebDriverFactory:47 - Method:InitDriver  - Message:Initializing driver instance...
2019-01-13 01:10:17 - INFO  WebDriverFactory:47 - Method:InitDriver  - Message:Initializing driver instance...
2019-01-13 01:12:30 - INFO  WebDriverFactory:47 - Method:InitDriver  - Message:Initializing driver instance...
2019-01-13 01:13:16 - INFO  WebDriverFactory:47 - Method:InitDriver  - Message:Initializing driver instance...
2019-01-13 01:22:04 - INFO  WebDriverFactory:47 - Method:InitDriver  - Message:Initializing driver instance...
2019-01-13 01:26:42 - INFO  WebDriverFactory:45 - Method:InitDriver  - Message:Initializing driver instance...
2019-01-13 01:27:56 - INFO  WebDriverFactory:45 - Method:InitDriver  - Message:Initializing driver instance...
2019-01-13 01:27:56 - INFO  WebDriverFactory:45 - Method:InitDriver  - Message:Initializing driver instance...
2019-01-13 01:28:47 - INFO  WebDriverFactory:44 - Method:InitDriver  - Message:Initializing driver instance...
2019-01-13 01:28:47 - INFO  WebDriverFactory:44 - Method:InitDriver  - Message:Initializing driver instance...
2019-01-13 01:30:22 - INFO  WebDriverFactory:44 - Method:InitDriver  - Message:Initializing driver instance...
2019-01-13 01:30:22 - INFO  WebDriverFactory:44 - Method:InitDriver  - Message:Initializing driver instance...
2019-01-13 01:33:47 - INFO  WebDriverFactory:44 - Method:InitDriver  - Message:Initializing driver instance...
2019-01-13 01:33:47 - INFO  WebDriverFactory:44 - Method:InitDriver  - Message:Initializing driver instance...
2019-01-13 01:35:25 - INFO  WebDriverFactory:44 - Method:InitDriver  - Message:Initializing driver instance...
2019-01-13 01:35:25 - INFO  WebDriverFactory:44 - Method:InitDriver  - Message:Initializing driver instance...
2019-01-13 01:35:25 - INFO  WebDriverFactory:44 - Method:InitDriver  - Message:Initializing driver instance...
2019-01-13 01:35:25 - INFO  WebDriverFactory:44 - Method:InitDriver  - Message:Initializing driver instance...
2019-01-13 01:35:27 - ERROR WebDriverFactory:85 - Method:InitDriver  - Message:Failed to create driver instance!
org.openqa.selenium.SessionNotCreatedException: Unexpected error launching Internet Explorer. Protected Mode settings are not the same for all zones. Enable Protected Mode must be set to the same value (enabled or disabled) for all zones.
Build info: version: '3.141.59', revision: 'e82be7d358', time: '2018-11-14T08:17:03'
System info: host: 'LUK-JW8G5H2', ip: '192.168.0.63', os.name: 'Windows 10', os.arch: 'amd64', os.version: '10.0', java.version: '11.0.1'
Driver info: driver.version: InternetExplorerDriver
remote stacktrace: 
	at java.base/jdk.internal.reflect.NativeConstructorAccessorImpl.newInstance0(Native Method)
	at java.base/jdk.internal.reflect.NativeConstructorAccessorImpl.newInstance(NativeConstructorAccessorImpl.java:62)
	at java.base/jdk.internal.reflect.DelegatingConstructorAccessorImpl.newInstance(DelegatingConstructorAccessorImpl.java:45)
	at java.base/java.lang.reflect.Constructor.newInstance(Constructor.java:490)
	at org.openqa.selenium.remote.W3CHandshakeResponse.lambda$errorHandler$0(W3CHandshakeResponse.java:62)
	at org.openqa.selenium.remote.HandshakeResponse.lambda$getResponseFunction$0(HandshakeResponse.java:30)
	at org.openqa.selenium.remote.ProtocolHandshake.lambda$createSession$0(ProtocolHandshake.java:126)
	at java.base/java.util.stream.ReferencePipeline$3$1.accept(ReferencePipeline.java:195)
	at java.base/java.util.Spliterators$ArraySpliterator.tryAdvance(Spliterators.java:958)
	at java.base/java.util.stream.ReferencePipeline.forEachWithCancel(ReferencePipeline.java:127)
	at java.base/java.util.stream.AbstractPipeline.copyIntoWithCancel(AbstractPipeline.java:502)
	at java.base/java.util.stream.AbstractPipeline.copyInto(AbstractPipeline.java:488)
	at java.base/java.util.stream.AbstractPipeline.wrapAndCopyInto(AbstractPipeline.java:474)
	at java.base/java.util.stream.FindOps$FindOp.evaluateSequential(FindOps.java:150)
	at java.base/java.util.stream.AbstractPipeline.evaluate(AbstractPipeline.java:234)
	at java.base/java.util.stream.ReferencePipeline.findFirst(ReferencePipeline.java:543)
	at org.openqa.selenium.remote.ProtocolHandshake.createSession(ProtocolHandshake.java:128)
	at org.openqa.selenium.remote.ProtocolHandshake.createSession(ProtocolHandshake.java:74)
	at org.openqa.selenium.remote.HttpCommandExecutor.execute(HttpCommandExecutor.java:136)
	at org.openqa.selenium.remote.service.DriverCommandExecutor.execute(DriverCommandExecutor.java:83)
	at org.openqa.selenium.remote.RemoteWebDriver.execute(RemoteWebDriver.java:552)
	at org.openqa.selenium.remote.RemoteWebDriver.startSession(RemoteWebDriver.java:213)
	at org.openqa.selenium.ie.InternetExplorerDriver.run(InternetExplorerDriver.java:221)
	at org.openqa.selenium.ie.InternetExplorerDriver.<init>(InternetExplorerDriver.java:213)
	at org.openqa.selenium.ie.InternetExplorerDriver.<init>(InternetExplorerDriver.java:190)
	at org.openqa.selenium.ie.InternetExplorerDriver.<init>(InternetExplorerDriver.java:162)
	at Utils.WebDriverFactory.InitDriver(WebDriverFactory.java:67)
	at Hooks.TestRunner.InitializeWebDriver(TestRunner.java:34)
	at java.base/jdk.internal.reflect.NativeMethodAccessorImpl.invoke0(Native Method)
	at java.base/jdk.internal.reflect.NativeMethodAccessorImpl.invoke(NativeMethodAccessorImpl.java:62)
	at java.base/jdk.internal.reflect.DelegatingMethodAccessorImpl.invoke(DelegatingMethodAccessorImpl.java:43)
	at java.base/java.lang.reflect.Method.invoke(Method.java:566)
	at org.testng.internal.MethodInvocationHelper.invokeMethod(MethodInvocationHelper.java:124)
	at org.testng.internal.MethodInvocationHelper.invokeMethodConsideringTimeout(MethodInvocationHelper.java:59)
	at org.testng.internal.Invoker.invokeConfigurationMethod(Invoker.java:458)
	at org.testng.internal.Invoker.invokeConfigurations(Invoker.java:222)
	at org.testng.internal.Invoker.invokeConfigurations(Invoker.java:142)
	at org.testng.TestRunner.beforeRun(TestRunner.java:529)
	at org.testng.TestRunner.run(TestRunner.java:497)
	at org.testng.SuiteRunner.runTest(SuiteRunner.java:455)
	at org.testng.SuiteRunner.access$000(SuiteRunner.java:40)
	at org.testng.SuiteRunner$SuiteWorker.run(SuiteRunner.java:489)
	at org.testng.internal.thread.ThreadUtil$1.call(ThreadUtil.java:52)
	at java.base/java.util.concurrent.FutureTask.run(FutureTask.java:264)
	at java.base/java.util.concurrent.ThreadPoolExecutor.runWorker(ThreadPoolExecutor.java:1128)
	at java.base/java.util.concurrent.ThreadPoolExecutor$Worker.run(ThreadPoolExecutor.java:628)
	at java.base/java.lang.Thread.run(Thread.java:834)
2019-01-13 01:37:17 - INFO  WebDriverFactory:44 - Method:InitDriver  - Message:Initializing driver instance...
2019-01-13 01:37:19 - ERROR WebDriverFactory:85 - Method:InitDriver  - Message:Failed to create driver instance!
org.openqa.selenium.SessionNotCreatedException: Unexpected error launching Internet Explorer. Protected Mode settings are not the same for all zones. Enable Protected Mode must be set to the same value (enabled or disabled) for all zones.
Build info: version: '3.141.59', revision: 'e82be7d358', time: '2018-11-14T08:17:03'
System info: host: 'LUK-JW8G5H2', ip: '192.168.0.63', os.name: 'Windows 10', os.arch: 'amd64', os.version: '10.0', java.version: '11.0.1'
Driver info: driver.version: InternetExplorerDriver
remote stacktrace: 
	at java.base/jdk.internal.reflect.NativeConstructorAccessorImpl.newInstance0(Native Method)
	at java.base/jdk.internal.reflect.NativeConstructorAccessorImpl.newInstance(NativeConstructorAccessorImpl.java:62)
	at java.base/jdk.internal.reflect.DelegatingConstructorAccessorImpl.newInstance(DelegatingConstructorAccessorImpl.java:45)
	at java.base/java.lang.reflect.Constructor.newInstance(Constructor.java:490)
	at org.openqa.selenium.remote.W3CHandshakeResponse.lambda$errorHandler$0(W3CHandshakeResponse.java:62)
	at org.openqa.selenium.remote.HandshakeResponse.lambda$getResponseFunction$0(HandshakeResponse.java:30)
	at org.openqa.selenium.remote.ProtocolHandshake.lambda$createSession$0(ProtocolHandshake.java:126)
	at java.base/java.util.stream.ReferencePipeline$3$1.accept(ReferencePipeline.java:195)
	at java.base/java.util.Spliterators$ArraySpliterator.tryAdvance(Spliterators.java:958)
	at java.base/java.util.stream.ReferencePipeline.forEachWithCancel(ReferencePipeline.java:127)
	at java.base/java.util.stream.AbstractPipeline.copyIntoWithCancel(AbstractPipeline.java:502)
	at java.base/java.util.stream.AbstractPipeline.copyInto(AbstractPipeline.java:488)
	at java.base/java.util.stream.AbstractPipeline.wrapAndCopyInto(AbstractPipeline.java:474)
	at java.base/java.util.stream.FindOps$FindOp.evaluateSequential(FindOps.java:150)
	at java.base/java.util.stream.AbstractPipeline.evaluate(AbstractPipeline.java:234)
	at java.base/java.util.stream.ReferencePipeline.findFirst(ReferencePipeline.java:543)
	at org.openqa.selenium.remote.ProtocolHandshake.createSession(ProtocolHandshake.java:128)
	at org.openqa.selenium.remote.ProtocolHandshake.createSession(ProtocolHandshake.java:74)
	at org.openqa.selenium.remote.HttpCommandExecutor.execute(HttpCommandExecutor.java:136)
	at org.openqa.selenium.remote.service.DriverCommandExecutor.execute(DriverCommandExecutor.java:83)
	at org.openqa.selenium.remote.RemoteWebDriver.execute(RemoteWebDriver.java:552)
	at org.openqa.selenium.remote.RemoteWebDriver.startSession(RemoteWebDriver.java:213)
	at org.openqa.selenium.ie.InternetExplorerDriver.run(InternetExplorerDriver.java:221)
	at org.openqa.selenium.ie.InternetExplorerDriver.<init>(InternetExplorerDriver.java:213)
	at org.openqa.selenium.ie.InternetExplorerDriver.<init>(InternetExplorerDriver.java:190)
	at org.openqa.selenium.ie.InternetExplorerDriver.<init>(InternetExplorerDriver.java:162)
	at Utils.WebDriverFactory.InitDriver(WebDriverFactory.java:67)
	at Hooks.TestRunner.InitializeWebDriver(TestRunner.java:34)
	at java.base/jdk.internal.reflect.NativeMethodAccessorImpl.invoke0(Native Method)
	at java.base/jdk.internal.reflect.NativeMethodAccessorImpl.invoke(NativeMethodAccessorImpl.java:62)
	at java.base/jdk.internal.reflect.DelegatingMethodAccessorImpl.invoke(DelegatingMethodAccessorImpl.java:43)
	at java.base/java.lang.reflect.Method.invoke(Method.java:566)
	at org.testng.internal.MethodInvocationHelper.invokeMethod(MethodInvocationHelper.java:124)
	at org.testng.internal.MethodInvocationHelper.invokeMethodConsideringTimeout(MethodInvocationHelper.java:59)
	at org.testng.internal.Invoker.invokeConfigurationMethod(Invoker.java:458)
	at org.testng.internal.Invoker.invokeConfigurations(Invoker.java:222)
	at org.testng.internal.Invoker.invokeConfigurations(Invoker.java:142)
	at org.testng.TestRunner.beforeRun(TestRunner.java:529)
	at org.testng.TestRunner.run(TestRunner.java:497)
	at org.testng.SuiteRunner.runTest(SuiteRunner.java:455)
	at org.testng.SuiteRunner.access$000(SuiteRunner.java:40)
	at org.testng.SuiteRunner$SuiteWorker.run(SuiteRunner.java:489)
	at org.testng.internal.thread.ThreadUtil$1.call(ThreadUtil.java:52)
	at java.base/java.util.concurrent.FutureTask.run(FutureTask.java:264)
	at java.base/java.util.concurrent.ThreadPoolExecutor.runWorker(ThreadPoolExecutor.java:1128)
	at java.base/java.util.concurrent.ThreadPoolExecutor$Worker.run(ThreadPoolExecutor.java:628)
	at java.base/java.lang.Thread.run(Thread.java:834)
2019-01-13 01:39:11 - INFO  WebDriverFactory:44 - Method:InitDriver  - Message:Initializing driver instance...
2019-01-13 01:39:54 - INFO  WebDriverFactory:44 - Method:InitDriver  - Message:Initializing driver instance...
2019-01-13 01:40:54 - INFO  WebDriverFactory:44 - Method:InitDriver  - Message:Initializing driver instance...
2019-01-13 01:42:57 - INFO  WebDriverFactory:44 - Method:InitDriver  - Message:Initializing driver instance...
2019-01-13 01:42:57 - INFO  WebDriverFactory:44 - Method:InitDriver  - Message:Initializing driver instance...
2019-01-13 01:42:57 - INFO  WebDriverFactory:44 - Method:InitDriver  - Message:Initializing driver instance...
2019-01-13 01:42:57 - INFO  WebDriverFactory:44 - Method:InitDriver  - Message:Initializing driver instance...
2019-01-13 01:54:00 - INFO  WebDriverFactory:45 - Method:InitDriver  - Message:Initializing driver instance...
2019-01-13 01:54:00 - INFO  WebDriverFactory:45 - Method:InitDriver  - Message:Initializing driver instance...
2019-01-13 01:54:00 - INFO  WebDriverFactory:45 - Method:InitDriver  - Message:Initializing driver instance...
2019-01-13 01:54:00 - INFO  WebDriverFactory:45 - Method:InitDriver  - Message:Initializing driver instance...
2019-01-13 01:58:37 - INFO  WebDriverFactory:TestNG-tests-4:45 - Method:InitDriver  - Message:Initializing driver instance...
2019-01-13 01:58:37 - INFO  WebDriverFactory:TestNG-tests-2:45 - Method:InitDriver  - Message:Initializing driver instance...
2019-01-13 01:58:37 - INFO  WebDriverFactory:TestNG-tests-1:45 - Method:InitDriver  - Message:Initializing driver instance...
2019-01-13 01:58:37 - INFO  WebDriverFactory:TestNG-tests-3:45 - Method:InitDriver  - Message:Initializing driver instance...
2019-01-13 02:01:33 - INFO  WebDriverFactory:TestNG-tests-3:44 - Method:InitDriver  - Message:Initializing driver instance...
2019-01-13 02:01:33 - INFO  WebDriverFactory:TestNG-tests-1:44 - Method:InitDriver  - Message:Initializing driver instance...
2019-01-13 02:01:33 - INFO  WebDriverFactory:TestNG-tests-2:44 - Method:InitDriver  - Message:Initializing driver instance...
2019-01-13 02:01:33 - INFO  WebDriverFactory:TestNG-tests-4:44 - Method:InitDriver  - Message:Initializing driver instance...
2019-01-13 02:04:30 - INFO  WebDriverFactory:TestNG-tests-1:44 - Method:InitDriver  - Message:Initializing driver instance...
2019-01-13 02:04:30 - INFO  WebDriverFactory:TestNG-tests-2:44 - Method:InitDriver  - Message:Initializing driver instance...
2019-01-13 20:47:21 - INFO  WebDriverFactory:TestNG-tests-2:44 - Method:InitDriver  - Message:Initializing driver instance...
2019-01-13 20:47:21 - INFO  WebDriverFactory:TestNG-tests-1:44 - Method:InitDriver  - Message:Initializing driver instance...
2019-01-13 21:04:09 - INFO  WebDriverFactory:TestNG-tests-2:44 - Method:InitDriver  - Message:Initializing driver instance...
2019-01-13 21:04:09 - INFO  WebDriverFactory:TestNG-tests-1:44 - Method:InitDriver  - Message:Initializing driver instance...
2019-01-13 21:05:27 - INFO  WebDriverFactory:TestNG-tests-1:44 - Method:InitDriver  - Message:Initializing driver instance...
2019-01-13 21:07:34 - INFO  WebDriverFactory:TestNG-tests-1:44 - Method:InitDriver  - Message:Initializing driver instance...
2019-01-13 21:10:09 - INFO  WebDriverFactory:TestNG-tests-1:44 - Method:InitDriver  - Message:Initializing driver instance...
2019-01-13 21:15:05 - INFO  WebDriverFactory:TestNG-tests-1:44 - Method:InitDriver  - Message:Initializing driver instance...
2019-01-13 21:15:37 - INFO  WebDriverFactory:TestNG-tests-1:44 - Method:InitDriver  - Message:Initializing driver instance...
2019-01-13 21:16:44 - INFO  WebDriverFactory:TestNG-tests-1:44 - Method:InitDriver  - Message:Initializing driver instance...
2019-01-13 21:19:09 - INFO  WebDriverFactory:TestNG-tests-1:44 - Method:InitDriver  - Message:Initializing driver instance...
2019-01-13 21:22:04 - INFO  WebDriverFactory:TestNG-tests-1:44 - Method:InitDriver  - Message:Initializing driver instance...
2019-01-13 21:39:33 - INFO  WebDriverFactory:TestNG-tests-1:44 - Method:InitDriver  - Message:Initializing driver instance...
2019-01-13 21:41:42 - INFO  WebDriverFactory:TestNG-tests-1:44 - Method:InitDriver  - Message:Initializing driver instance...
2019-01-13 21:44:13 - INFO  WebDriverFactory:TestNG-tests-1:44 - Method:InitDriver  - Message:Initializing driver instance...
2019-01-13 21:49:03 - INFO  WebDriverFactory:TestNG-tests-1:44 - Method:InitDriver  - Message:Initializing driver instance...
2019-01-13 21:50:26 - INFO  WebDriverFactory:TestNG-tests-1:44 - Method:InitDriver  - Message:Initializing driver instance...
2019-01-13 21:51:10 - INFO  WebDriverFactory:TestNG-tests-1:44 - Method:InitDriver  - Message:Initializing driver instance...
2019-01-13 21:57:05 - INFO  WebDriverFactory:TestNG-tests-1:44 - Method:InitDriver  - Message:Initializing driver instance...
2019-01-13 22:00:39 - INFO  WebDriverFactory:TestNG-tests-1:44 - Method:InitDriver  - Message:Initializing driver instance...
2019-01-13 22:06:34 - INFO  WebDriverFactory:TestNG-tests-1:44 - Method:InitDriver  - Message:Initializing driver instance...
2019-01-13 22:08:45 - INFO  WebDriverFactory:TestNG-tests-1:44 - Method:InitDriver  - Message:Initializing driver instance...
2019-01-13 22:17:13 - INFO  WebDriverFactory:main:44 - Method:InitDriver  - Message:Initializing driver instance...
2019-01-13 22:31:50 - INFO  WebDriverFactory:TestNG-tests-1:44 - Method:InitDriver  - Message:Initializing driver instance...
2019-01-14 08:09:33 - INFO  WebDriverFactory:TestNG-tests-1:44 - Method:InitDriver  - Message:Initializing driver instance...
2019-01-14 08:11:22 - INFO  WebDriverFactory:TestNG-tests-1:44 - Method:InitDriver  - Message:Initializing driver instance...
2019-01-14 08:12:09 - INFO  WebDriverFactory:TestNG-tests-1:44 - Method:InitDriver  - Message:Initializing driver instance...
2019-01-14 08:15:13 - INFO  WebDriverFactory:TestNG-tests-1:44 - Method:InitDriver  - Message:Initializing driver instance...
2019-01-14 08:16:52 - INFO  WebDriverFactory:TestNG-tests-1:44 - Method:InitDriver  - Message:Initializing driver instance...
2019-01-14 08:18:40 - INFO  WebDriverFactory:TestNG-tests-1:44 - Method:InitDriver  - Message:Initializing driver instance...
2019-01-14 08:20:47 - INFO  WebDriverFactory:TestNG-tests-1:44 - Method:InitDriver  - Message:Initializing driver instance...
2019-01-14 08:21:23 - INFO  WebDriverFactory:TestNG-tests-1:44 - Method:InitDriver  - Message:Initializing driver instance...
2019-01-14 12:55:21 - INFO  WebDriverFactory:main:44 - Method:InitDriver  - Message:Initializing driver instance...
2019-01-14 12:56:06 - INFO  WebDriverFactory:main:44 - Method:InitDriver  - Message:Initializing driver instance...
2019-01-14 13:02:19 - INFO  WebDriverFactory:TestNG-tests-1:44 - Method:InitDriver  - Message:Initializing driver instance...
2019-01-14 13:12:37 - INFO  WebDriverFactory:TestNG-tests-1:44 - Method:InitDriver  - Message:Initializing driver instance...
2019-01-14 13:15:16 - INFO  WebDriverFactory:TestNG-tests-1:44 - Method:InitDriver  - Message:Initializing driver instance...
2019-01-14 13:19:37 - INFO  WebDriverFactory:main:44 - Method:InitDriver  - Message:Initializing driver instance...
2019-01-14 13:20:48 - INFO  WebDriverFactory:main:44 - Method:InitDriver  - Message:Initializing driver instance...
2019-01-14 13:22:34 - INFO  WebDriverFactory:TestNG-tests-1:44 - Method:InitDriver  - Message:Initializing driver instance...
2019-01-14 18:57:27 - INFO  WebDriverFactory:TestNG-tests-1:44 - Method:InitDriver  - Message:Initializing driver instance...
2019-01-14 18:59:04 - INFO  WebDriverFactory:TestNG-tests-1:44 - Method:InitDriver  - Message:Initializing driver instance...
2019-01-14 19:05:54 - INFO  WebDriverFactory:main:44 - Method:InitDriver  - Message:Initializing driver instance...
2019-01-14 19:06:37 - INFO  WebDriverFactory:TestNG-tests-1:44 - Method:InitDriver  - Message:Initializing driver instance...
2019-01-14 19:08:05 - INFO  WebDriverFactory:TestNG-tests-1:44 - Method:InitDriver  - Message:Initializing driver instance...
2019-01-14 19:10:35 - INFO  WebDriverFactory:TestNG-tests-1:44 - Method:InitDriver  - Message:Initializing driver instance...
2019-01-14 19:13:23 - INFO  WebDriverFactory:TestNG-tests-1:44 - Method:InitDriver  - Message:Initializing driver instance...
2019-01-14 19:14:34 - INFO  WebDriverFactory:TestNG-tests-1:44 - Method:InitDriver  - Message:Initializing driver instance...
2019-01-14 19:15:13 - INFO  WebDriverFactory:TestNG-tests-1:44 - Method:InitDriver  - Message:Initializing driver instance...
2019-01-14 19:17:24 - INFO  WebDriverFactory:TestNG-tests-1:44 - Method:InitDriver  - Message:Initializing driver instance...
2019-01-14 19:22:19 - INFO  WebDriverFactory:TestNG-tests-1:44 - Method:InitDriver  - Message:Initializing driver instance...
2019-01-14 19:23:03 - INFO  WebDriverFactory:TestNG-tests-1:44 - Method:InitDriver  - Message:Initializing driver instance...
2019-01-14 19:26:05 - INFO  WebDriverFactory:TestNG-tests-1:44 - Method:InitDriver  - Message:Initializing driver instance...
2019-01-14 19:27:09 - INFO  WebDriverFactory:TestNG-tests-1:44 - Method:InitDriver  - Message:Initializing driver instance...
2019-01-14 19:29:04 - INFO  WebDriverFactory:TestNG-tests-1:44 - Method:InitDriver  - Message:Initializing driver instance...
2019-01-14 19:32:33 - INFO  WebDriverFactory:TestNG-tests-1:44 - Method:InitDriver  - Message:Initializing driver instance...
2019-01-14 19:33:10 - INFO  WebDriverFactory:TestNG-tests-1:44 - Method:InitDriver  - Message:Initializing driver instance...
2019-01-14 19:44:38 - INFO  WebDriverFactory:TestNG-tests-1:44 - Method:InitDriver  - Message:Initializing driver instance...
2019-01-14 19:45:36 - INFO  WebDriverFactory:TestNG-tests-1:44 - Method:InitDriver  - Message:Initializing driver instance...
2019-01-14 19:47:57 - INFO  WebDriverFactory:TestNG-tests-1:44 - Method:InitDriver  - Message:Initializing driver instance...
2019-01-14 19:50:42 - INFO  WebDriverFactory:TestNG-tests-1:44 - Method:InitDriver  - Message:Initializing driver instance...
2019-01-14 19:52:44 - INFO  WebDriverFactory:TestNG-tests-1:44 - Method:InitDriver  - Message:Initializing driver instance...
2019-01-14 19:56:02 - INFO  WebDriverFactory:TestNG-tests-1:44 - Method:InitDriver  - Message:Initializing driver instance...
2019-01-14 19:57:51 - INFO  WebDriverFactory:TestNG-tests-1:44 - Method:InitDriver  - Message:Initializing driver instance...
2019-01-14 20:01:51 - INFO  WebDriverFactory:TestNG-tests-1:44 - Method:InitDriver  - Message:Initializing driver instance...
2019-01-14 20:08:47 - INFO  WebDriverFactory:TestNG-tests-1:44 - Method:InitDriver  - Message:Initializing driver instance...
2019-01-14 20:09:28 - INFO  WebDriverFactory:TestNG-tests-1:44 - Method:InitDriver  - Message:Initializing driver instance...
2019-01-14 20:12:18 - INFO  WebDriverFactory:TestNG-tests-1:44 - Method:InitDriver  - Message:Initializing driver instance...
2019-01-14 20:13:00 - INFO  WebDriverFactory:TestNG-tests-1:44 - Method:InitDriver  - Message:Initializing driver instance...
2019-01-14 20:13:38 - INFO  WebDriverFactory:TestNG-tests-1:44 - Method:InitDriver  - Message:Initializing driver instance...
2019-01-14 20:17:57 - INFO  WebDriverFactory:TestNG-tests-1:44 - Method:InitDriver  - Message:Initializing driver instance...
2019-01-14 20:18:21 - INFO  WebDriverFactory:TestNG-tests-1:44 - Method:InitDriver  - Message:Initializing driver instance...
2019-01-14 20:19:02 - INFO  WebDriverFactory:TestNG-tests-1:44 - Method:InitDriver  - Message:Initializing driver instance...
2019-01-14 20:19:23 - INFO  WebDriverFactory:TestNG-tests-1:44 - Method:InitDriver  - Message:Initializing driver instance...
2019-01-14 20:19:56 - INFO  WebDriverFactory:TestNG-tests-1:44 - Method:InitDriver  - Message:Initializing driver instance...
2019-01-14 20:20:24 - INFO  WebDriverFactory:TestNG-tests-1:44 - Method:InitDriver  - Message:Initializing driver instance...
2019-01-14 20:23:38 - INFO  WebDriverFactory:TestNG-tests-1:44 - Method:InitDriver  - Message:Initializing driver instance...
2019-01-14 20:24:52 - INFO  WebDriverFactory:TestNG-tests-1:44 - Method:InitDriver  - Message:Initializing driver instance...
2019-01-14 20:28:32 - INFO  WebDriverFactory:main:44 - Method:InitDriver  - Message:Initializing driver instance...
2019-01-14 20:29:59 - INFO  WebDriverFactory:main:44 - Method:InitDriver  - Message:Initializing driver instance...
2019-01-14 20:31:31 - INFO  WebDriverFactory:main:44 - Method:InitDriver  - Message:Initializing driver instance...
2019-01-14 20:34:06 - INFO  WebDriverFactory:main:44 - Method:InitDriver  - Message:Initializing driver instance...
2019-01-14 20:34:57 - INFO  WebDriverFactory:main:44 - Method:InitDriver  - Message:Initializing driver instance...
2019-01-14 20:36:46 - INFO  WebDriverFactory:main:44 - Method:InitDriver  - Message:Initializing driver instance...
2019-01-14 20:38:06 - INFO  WebDriverFactory:main:44 - Method:InitDriver  - Message:Initializing driver instance...
2019-01-14 20:40:08 - INFO  WebDriverFactory:TestNG-tests-1:44 - Method:InitDriver  - Message:Initializing driver instance...
2019-01-14 20:41:19 - INFO  WebDriverFactory:TestNG-tests-1:44 - Method:InitDriver  - Message:Initializing driver instance...
2019-01-14 20:46:59 - INFO  WebDriverFactory:TestNG-tests-1:44 - Method:InitDriver  - Message:Initializing driver instance...
2019-01-14 20:48:41 - INFO  WebDriverFactory:TestNG-tests-1:44 - Method:InitDriver  - Message:Initializing driver instance...
2019-01-14 20:51:05 - INFO  WebDriverFactory:TestNG-tests-1:44 - Method:InitDriver  - Message:Initializing driver instance...
2019-01-14 20:52:48 - INFO  WebDriverFactory:TestNG-tests-1:44 - Method:InitDriver  - Message:Initializing driver instance...
2019-01-14 20:53:23 - INFO  WebDriverFactory:TestNG-tests-1:44 - Method:InitDriver  - Message:Initializing driver instance...
2019-01-14 20:54:23 - INFO  WebDriverFactory:TestNG-tests-1:44 - Method:InitDriver  - Message:Initializing driver instance...
2019-01-14 20:55:30 - INFO  WebDriverFactory:TestNG-tests-1:44 - Method:InitDriver  - Message:Initializing driver instance...
2019-01-14 20:58:00 - INFO  WebDriverFactory:TestNG-tests-1:44 - Method:InitDriver  - Message:Initializing driver instance...
2019-01-14 20:58:50 - INFO  WebDriverFactory:TestNG-tests-1:44 - Method:InitDriver  - Message:Initializing driver instance...
2019-01-14 20:59:33 - INFO  WebDriverFactory:TestNG-tests-1:44 - Method:InitDriver  - Message:Initializing driver instance...
2019-01-14 21:00:04 - INFO  WebDriverFactory:TestNG-tests-1:44 - Method:InitDriver  - Message:Initializing driver instance...
2019-01-14 22:15:15 - INFO  WebDriverFactory:TestNG-tests-1:44 - Method:InitDriver  - Message:Initializing driver instance...
2019-01-15 20:46:32 - INFO  WebDriverFactory:TestNG-tests-1:44 - Method:InitDriver  - Message:Initializing driver instance...
2019-01-15 20:49:35 - INFO  WebDriverFactory:TestNG-tests-1:44 - Method:InitDriver  - Message:Initializing driver instance...
2019-01-16 06:49:51 - INFO  WebDriverFactory:TestNG-tests-1:44 - Method:InitDriver  - Message:Initializing driver instance...
2019-01-16 07:00:12 - INFO  WebDriverFactory:TestNG-tests-1:44 - Method:InitDriver  - Message:Initializing driver instance...
2019-01-16 07:20:09 - INFO  WebDriverFactory:TestNG-tests-1:44 - Method:InitDriver  - Message:Initializing driver instance...
2019-01-16 07:23:26 - INFO  WebDriverFactory:TestNG-tests-1:46 - Method:InitDriver  - Message:Initializing driver instance...
2019-01-16 07:23:46 - INFO  WebDriverFactory:TestNG-tests-1:39 - Method:CloseBrowser  - Message:Closing driver instance...
2019-01-16 20:41:31 - INFO  WebDriverFactory:TestNG-tests-1:46 - Method:InitDriver  - Message:Initializing driver instance...
2019-01-16 20:41:52 - INFO  WebDriverFactory:TestNG-tests-1:39 - Method:CloseBrowser  - Message:Closing driver instance...
2019-01-18 08:07:29 - INFO  WebDriverFactory:TestNG-tests-1:46 - Method:InitDriver  - Message:Initializing driver instance...
2019-01-18 08:07:51 - INFO  WebDriverFactory:TestNG-tests-1:39 - Method:CloseBrowser  - Message:Closing driver instance...
2019-01-18 08:09:06 - INFO  WebDriverFactory:TestNG-tests-1:46 - Method:InitDriver  - Message:Initializing driver instance...
2019-01-18 08:09:27 - INFO  WebDriverFactory:TestNG-tests-1:39 - Method:CloseBrowser  - Message:Closing driver instance...
2019-01-19 08:35:22 - INFO  WebDriverFactory:main:46 - Method:InitDriver  - Message:Initializing driver instance...
2019-01-19 08:39:45 - INFO  WebDriverFactory:main:46 - Method:InitDriver  - Message:Initializing driver instance...
2019-01-19 08:41:48 - INFO  WebDriverFactory:main:46 - Method:InitDriver  - Message:Initializing driver instance...
2019-01-19 08:45:00 - INFO  WebDriverFactory:main:46 - Method:InitDriver  - Message:Initializing driver instance...
2019-01-19 08:49:59 - INFO  WebDriverFactory:main:46 - Method:InitDriver  - Message:Initializing driver instance...
2019-01-19 09:09:22 - INFO  WebDriverFactory:main:46 - Method:InitDriver  - Message:Initializing driver instance...
2019-01-19 09:18:29 - INFO  WebDriverFactory:main:46 - Method:InitDriver  - Message:Initializing driver instance...
2019-01-19 09:31:12 - INFO  WebDriverFactory:main:46 - Method:InitDriver  - Message:Initializing driver instance...
2019-01-19 10:45:47 - INFO  WebDriverFactory:main:46 - Method:InitDriver  - Message:Initializing driver instance...
2019-01-19 10:46:02 - INFO  WebDriverFactory:main:31 - Method:ForRedirected  - Message:Waiting for page is redirected to: https://www.bbc.co.uk/weather/
2019-01-19 11:29:24 - INFO  WebDriverFactory:main:46 - Method:InitDriver  - Message:Initializing driver instance...
2019-01-19 11:30:26 - INFO  WebDriverFactory:main:46 - Method:InitDriver  - Message:Initializing driver instance...
2019-01-19 11:32:16 - INFO  WebDriverFactory:main:46 - Method:InitDriver  - Message:Initializing driver instance...
2019-01-19 11:33:55 - INFO  WebDriverFactory:main:46 - Method:InitDriver  - Message:Initializing driver instance...
2019-01-19 11:48:48 - INFO  WebDriverFactory:main:46 - Method:InitDriver  - Message:Initializing driver instance...
2019-01-19 11:50:03 - INFO  WebDriverFactory:main:46 - Method:InitDriver  - Message:Initializing driver instance...
2019-01-19 11:51:26 - INFO  WebDriverFactory:main:46 - Method:InitDriver  - Message:Initializing driver instance...
2019-01-19 11:53:23 - INFO  WebDriverFactory:main:46 - Method:InitDriver  - Message:Initializing driver instance...
2019-01-19 11:58:09 - INFO  WebDriverFactory:main:46 - Method:InitDriver  - Message:Initializing driver instance...
2019-01-19 11:59:00 - INFO  WebDriverFactory:main:46 - Method:InitDriver  - Message:Initializing driver instance...
2019-01-19 12:02:28 - INFO  WebDriverFactory:main:46 - Method:InitDriver  - Message:Initializing driver instance...
2019-01-19 12:08:42 - INFO  WebDriverFactory:main:46 - Method:InitDriver  - Message:Initializing driver instance...
2019-01-19 12:17:58 - INFO  WebDriverFactory:main:46 - Method:InitDriver  - Message:Initializing driver instance...
2019-01-19 12:21:27 - INFO  WebDriverFactory:main:46 - Method:InitDriver  - Message:Initializing driver instance...
2019-01-19 12:21:40 - INFO  WebDriverFactory:main:29 - Method:ForPageStatusChange  - Message:Waiting for page became: Complete
2019-01-19 12:24:26 - INFO  WebDriverFactory:main:46 - Method:InitDriver  - Message:Initializing driver instance...
2019-01-19 12:24:39 - INFO  WebDriverFactory:main:29 - Method:ForPageStatusChange  - Message:Waiting for page became: Complete
2019-01-19 12:25:04 - INFO  WebDriverFactory:main:46 - Method:InitDriver  - Message:Initializing driver instance...
2019-01-19 12:28:32 - INFO  WebDriverFactory:main:46 - Method:InitDriver  - Message:Initializing driver instance...
2019-01-19 12:29:46 - INFO  WebDriverFactory:main:46 - Method:InitDriver  - Message:Initializing driver instance...
2019-01-19 12:30:26 - INFO  WebDriverFactory:main:46 - Method:InitDriver  - Message:Initializing driver instance...
2019-01-19 12:33:40 - INFO  WebDriverFactory:main:46 - Method:InitDriver  - Message:Initializing driver instance...
2019-01-19 12:43:59 - INFO  WebDriverFactory:main:46 - Method:InitDriver  - Message:Initializing driver instance...
2019-01-19 13:01:04 - INFO  WebDriverFactory:main:46 - Method:InitDriver  - Message:Initializing driver instance...
2019-01-19 13:02:13 - INFO  WebDriverFactory:main:46 - Method:InitDriver  - Message:Initializing driver instance...
2019-01-19 13:02:22 - INFO  WebDriverFactory:main:33 - Method:ForPageStatusChange  - Message:Waiting for page became: complete
2019-01-19 13:02:39 - INFO  WebDriverFactory:main:46 - Method:InitDriver  - Message:Initializing driver instance...
2019-01-19 13:02:53 - INFO  WebDriverFactory:main:33 - Method:ForPageStatusChange  - Message:Waiting for page became: complete
2019-01-19 13:03:55 - INFO  WebDriverFactory:main:46 - Method:InitDriver  - Message:Initializing driver instance...
2019-01-19 13:04:06 - INFO  WebDriverFactory:main:33 - Method:ForPageStatusChange  - Message:Waiting for page became: complete
2019-01-19 13:06:46 - INFO  WebDriverFactory:main:46 - Method:InitDriver  - Message:Initializing driver instance...
2019-01-19 13:06:56 - INFO  WebDriverFactory:main:33 - Method:ForPageStatusChange  - Message:Waiting for page became: complete
2019-01-19 13:09:55 - INFO  WebDriverFactory:main:46 - Method:InitDriver  - Message:Initializing driver instance...
2019-01-19 13:10:05 - INFO  WebDriverFactory:main:33 - Method:ForPageStatusChange  - Message:Waiting for page became: complete
2019-01-19 13:12:05 - INFO  WebDriverFactory:main:46 - Method:InitDriver  - Message:Initializing driver instance...
2019-01-19 13:12:16 - INFO  WebDriverFactory:main:33 - Method:ForPageStatusChange  - Message:Waiting for page became: complet
2019-01-19 13:14:40 - INFO  WebDriverFactory:main:46 - Method:InitDriver  - Message:Initializing driver instance...
2019-01-19 13:14:51 - INFO  WebDriverFactory:main:33 - Method:ForPageStatusChange  - Message:Waiting for page became: comple
2019-01-19 13:17:27 - INFO  WebDriverFactory:main:46 - Method:InitDriver  - Message:Initializing driver instance...
2019-01-19 13:17:38 - INFO  WebDriverFactory:main:33 - Method:ForPageStatusChange  - Message:Waiting for page became: comple
2019-01-19 13:52:11 - INFO  WebDriverFactory:main:46 - Method:InitDriver  - Message:Initializing driver instance...
2019-01-19 13:52:22 - INFO  WebDriverFactory:main:35 - Method:ForPageStatusChange  - Message:Waiting for page became: comple
2019-01-19 13:53:01 - INFO  WebDriverFactory:main:46 - Method:InitDriver  - Message:Initializing driver instance...
2019-01-19 13:53:09 - INFO  WebDriverFactory:main:35 - Method:ForPageStatusChange  - Message:Waiting for page became: comple
2019-01-19 13:53:26 - INFO  WebDriverFactory:main:46 - Method:InitDriver  - Message:Initializing driver instance...
2019-01-19 13:53:39 - INFO  WebDriverFactory:main:35 - Method:ForPageStatusChange  - Message:Waiting for page became: comple
2019-01-19 13:54:39 - INFO  WebDriverFactory:main:46 - Method:InitDriver  - Message:Initializing driver instance...
2019-01-19 13:54:51 - INFO  WebDriverFactory:main:35 - Method:ForPageStatusChange  - Message:Waiting for page became: comple
2019-01-19 13:55:47 - INFO  WebDriverFactory:main:46 - Method:InitDriver  - Message:Initializing driver instance...
2019-01-19 13:55:58 - INFO  WebDriverFactory:main:35 - Method:ForPageStatusChange  - Message:Waiting for page became: comple
2019-01-19 14:38:08 - INFO  WebDriverFactory:main:46 - Method:InitDriver  - Message:Initializing driver instance...
2019-01-19 14:44:07 - INFO  WebDriverFactory:main:46 - Method:InitDriver  - Message:Initializing driver instance...
2019-01-19 14:44:36 - INFO  WebDriverFactory:main:46 - Method:InitDriver  - Message:Initializing driver instance...
2019-01-19 14:46:59 - INFO  WebDriverFactory:main:46 - Method:InitDriver  - Message:Initializing driver instance...
2019-01-19 14:47:13 - INFO  WebDriverFactory:main:35 - Method:ForPageStatusChange  - Message:Waiting for page became: complete
2019-01-19 14:48:56 - INFO  WebDriverFactory:main:46 - Method:InitDriver  - Message:Initializing driver instance...
2019-01-19 14:49:07 - INFO  WebDriverFactory:main:35 - Method:ForPageStatusChange  - Message:Waiting for page became: complete
2019-01-19 14:53:24 - INFO  WebDriverFactory:main:46 - Method:InitDriver  - Message:Initializing driver instance...
2019-01-19 14:55:59 - INFO  WebDriverFactory:main:46 - Method:InitDriver  - Message:Initializing driver instance...
2019-01-19 14:56:52 - INFO  WebDriverFactory:main:46 - Method:InitDriver  - Message:Initializing driver instance...
2019-01-19 14:59:29 - INFO  WebDriverFactory:main:46 - Method:InitDriver  - Message:Initializing driver instance...
2019-01-19 15:12:07 - INFO  WebDriverFactory:main:46 - Method:InitDriver  - Message:Initializing driver instance...
2019-01-19 15:12:43 - INFO  WebDriverFactory:main:46 - Method:InitDriver  - Message:Initializing driver instance...
2019-01-19 15:14:27 - INFO  WebDriverFactory:main:46 - Method:InitDriver  - Message:Initializing driver instance...
2019-01-19 15:15:52 - INFO  WebDriverFactory:main:46 - Method:InitDriver  - Message:Initializing driver instance...
2019-01-19 15:16:06 - INFO  WebDriverFactory:main:34 - Method:ForPageStatusChange  - Message:Waiting for page became: Complete
2019-01-19 15:16:44 - INFO  WebDriverFactory:main:46 - Method:InitDriver  - Message:Initializing driver instance...
2019-01-19 15:16:58 - INFO  WebDriverFactory:main:34 - Method:ForPageStatusChange  - Message:Waiting for page became: Complete
2019-01-19 15:24:59 - INFO  WebDriverFactory:main:46 - Method:InitDriver  - Message:Initializing driver instance...
2019-01-19 15:25:14 - INFO  WebDriverFactory:main:34 - Method:ForPageStatusChange  - Message:Waiting for page became: Complete
2019-01-19 15:25:50 - INFO  WebDriverFactory:main:46 - Method:InitDriver  - Message:Initializing driver instance...
2019-01-19 15:26:04 - INFO  WebDriverFactory:main:34 - Method:ForPageStatusChange  - Message:Waiting for page became: Complete
2019-01-19 15:26:04 - INFO  WebDriverFactory:main:48 - Method:ForRedirected  - Message:Waiting for page is redirected to: http://www.bbc.co.uk
2019-01-19 15:29:12 - INFO  WebDriverFactory:main:46 - Method:InitDriver  - Message:Initializing driver instance...
2019-01-19 15:29:29 - INFO  WebDriverFactory:main:34 - Method:ForPageStatusChange  - Message:Waiting for page became: Complete
2019-01-19 15:29:29 - INFO  WebDriverFactory:main:48 - Method:ForRedirected  - Message:Waiting for page is redirected to: http://www.bbc.co.uk
2019-01-19 15:30:14 - INFO  WebDriverFactory:main:46 - Method:InitDriver  - Message:Initializing driver instance...
2019-01-19 15:30:28 - INFO  WebDriverFactory:main:34 - Method:ForPageStatusChange  - Message:Waiting for page became: Complete
2019-01-19 15:30:28 - INFO  WebDriverFactory:main:48 - Method:ForRedirected  - Message:Waiting for page is redirected to: http://www.bbc.co.uk/
2019-01-19 15:31:46 - INFO  WebDriverFactory:main:46 - Method:InitDriver  - Message:Initializing driver instance...
2019-01-19 15:32:01 - INFO  WebDriverFactory:main:34 - Method:ForPageStatusChange  - Message:Waiting for page became: Complete
2019-01-19 15:32:01 - INFO  WebDriverFactory:main:48 - Method:ForRedirected  - Message:Waiting for page is redirected to: http://www.bbc.co.uk/
2019-01-19 15:38:47 - INFO  WebDriverFactory:main:46 - Method:InitDriver  - Message:Initializing driver instance...
2019-01-19 15:39:02 - INFO  WebDriverFactory:main:34 - Method:ForPageStatusChange  - Message:Waiting for page became: Complete
2019-01-19 15:39:02 - INFO  WebDriverFactory:main:48 - Method:ForRedirected  - Message:Waiting for page is redirected to: http://www.bbc.co.uk/
2019-01-19 15:39:26 - INFO  WebDriverFactory:main:46 - Method:InitDriver  - Message:Initializing driver instance...
2019-01-19 15:39:40 - INFO  WebDriverFactory:main:34 - Method:ForPageStatusChange  - Message:Waiting for page became: Complete
2019-01-19 15:39:40 - INFO  WebDriverFactory:main:48 - Method:ForRedirected  - Message:Waiting for page is redirected to: http://www.bbc.co.uk/
2019-01-19 15:41:45 - INFO  WebDriverFactory:main:46 - Method:InitDriver  - Message:Initializing driver instance...
2019-01-19 15:41:59 - INFO  WebDriverFactory:main:34 - Method:ForPageStatusChange  - Message:Waiting for page became: Complete
2019-01-19 15:41:59 - INFO  WebDriverFactory:main:48 - Method:ForRedirected  - Message:Waiting for page is redirected to: http://www.bbc.co.uk/
2019-01-19 15:50:03 - INFO  WebDriverFactory:main:46 - Method:InitDriver  - Message:Initializing driver instance...
2019-01-19 15:50:18 - INFO  WebDriverFactory:main:34 - Method:ForPageStatusChange  - Message:Waiting for page became: Complete
2019-01-19 15:50:18 - INFO  WebDriverFactory:main:48 - Method:ForRedirected  - Message:Waiting for page is redirected to: http://www.bbc.co.uk/
2019-01-19 15:57:36 - INFO  WebDriverFactory:main:46 - Method:InitDriver  - Message:Initializing driver instance...
2019-01-19 15:57:50 - INFO  WebDriverFactory:main:35 - Method:ForPageStatusChange  - Message:Waiting for page became: Complete
2019-01-19 15:57:50 - INFO  WebDriverFactory:main:49 - Method:ForRedirected  - Message:Waiting for page is redirected to: http://www.bbc.co.uk/
2019-01-19 16:00:01 - INFO  WebDriverFactory:main:46 - Method:InitDriver  - Message:Initializing driver instance...
2019-01-19 16:00:14 - INFO  WebDriverFactory:main:35 - Method:ForPageStatusChange  - Message:Waiting for page became: Complete
2019-01-19 16:00:14 - INFO  WebDriverFactory:main:49 - Method:ForRedirected  - Message:Waiting for page is redirected to: http://www.bbc.co.uk/
2019-01-19 16:01:13 - INFO  WebDriverFactory:main:46 - Method:InitDriver  - Message:Initializing driver instance...
2019-01-19 16:01:27 - INFO  WebDriverFactory:main:35 - Method:ForPageStatusChange  - Message:Waiting for page became: Complete
2019-01-19 16:01:27 - INFO  WebDriverFactory:main:49 - Method:ForRedirected  - Message:Waiting for page is redirected to: http://www.bbc.co.uk/
2019-01-19 16:03:50 - INFO  WebDriverFactory:main:46 - Method:InitDriver  - Message:Initializing driver instance...
2019-01-19 16:04:06 - INFO  WebDriverFactory:main:35 - Method:ForPageStatusChange  - Message:Waiting for page became: Complete
2019-01-19 16:04:06 - INFO  WebDriverFactory:main:49 - Method:ForRedirected  - Message:Waiting for page is redirected to: http://www.bbc.co.uk/
2019-01-19 16:05:44 - INFO  WebDriverFactory:main:46 - Method:InitDriver  - Message:Initializing driver instance...
2019-01-19 16:05:58 - INFO  WebDriverFactory:main:35 - Method:ForPageStatusChange  - Message:Waiting for page became: Complete
2019-01-19 16:05:58 - INFO  WebDriverFactory:main:49 - Method:ForRedirected  - Message:Waiting for page is redirected to: http://www.bbc.co.uk/
2019-01-19 16:13:50 - INFO  WebDriverFactory:main:46 - Method:InitDriver  - Message:Initializing driver instance...
2019-01-19 16:14:04 - INFO  WebDriverFactory:main:35 - Method:ForPageStatusChange  - Message:Waiting for page became: Complete
2019-01-19 16:14:04 - INFO  WebDriverFactory:main:49 - Method:ForRedirected  - Message:Waiting for page is redirected to: http://www.bbc.co.uk/
2019-01-19 16:14:47 - INFO  WebDriverFactory:main:46 - Method:InitDriver  - Message:Initializing driver instance...
2019-01-19 16:15:01 - INFO  WebDriverFactory:main:35 - Method:ForPageStatusChange  - Message:Waiting for page became: Complete
2019-01-19 16:15:01 - INFO  WebDriverFactory:main:49 - Method:ForRedirected  - Message:Waiting for page is redirected to: http://www.bbc.co.uk/
2019-01-19 16:15:19 - INFO  WebDriverFactory:main:46 - Method:InitDriver  - Message:Initializing driver instance...
2019-01-19 16:15:33 - INFO  WebDriverFactory:main:35 - Method:ForPageStatusChange  - Message:Waiting for page became: Complete
2019-01-19 16:15:33 - INFO  WebDriverFactory:main:49 - Method:ForRedirected  - Message:Waiting for page is redirected to: http://www.bbc.co.uk/
2019-01-19 16:15:54 - INFO  WebDriverFactory:main:46 - Method:InitDriver  - Message:Initializing driver instance...
2019-01-19 16:16:08 - INFO  WebDriverFactory:main:35 - Method:ForPageStatusChange  - Message:Waiting for page became: Complete
2019-01-19 16:16:08 - INFO  WebDriverFactory:main:49 - Method:ForRedirected  - Message:Waiting for page is redirected to: http://www.bbc.co.uk/
2019-01-19 16:31:12 - INFO  WebDriverFactory:TestNG-tests-1:46 - Method:InitDriver  - Message:Initializing driver instance...
2019-01-19 16:31:31 - INFO  WebDriverFactory:TestNG-tests-1:39 - Method:CloseBrowser  - Message:Closing driver instance...
2019-01-19 16:32:26 - INFO  WebDriverFactory:TestNG-tests-1:46 - Method:InitDriver  - Message:Initializing driver instance...
2019-01-19 16:32:38 - INFO  WebDriverFactory:TestNG-tests-1:39 - Method:CloseBrowser  - Message:Closing driver instance...
2019-01-19 16:33:38 - INFO  WebDriverFactory:TestNG-tests-1:46 - Method:InitDriver  - Message:Initializing driver instance...
2019-01-19 16:33:50 - INFO  WebDriverFactory:TestNG-tests-1:39 - Method:CloseBrowser  - Message:Closing driver instance...
2019-01-19 16:34:18 - INFO  WebDriverFactory:TestNG-tests-1:46 - Method:InitDriver  - Message:Initializing driver instance...
2019-01-19 16:34:31 - INFO  WebDriverFactory:TestNG-tests-1:39 - Method:CloseBrowser  - Message:Closing driver instance...
2019-01-19 16:35:08 - INFO  WebDriverFactory:TestNG-tests-1:46 - Method:InitDriver  - Message:Initializing driver instance...
2019-01-19 16:35:22 - INFO  WebDriverFactory:TestNG-tests-1:39 - Method:CloseBrowser  - Message:Closing driver instance...
2019-01-19 16:36:44 - INFO  WebDriverFactory:TestNG-tests-1:46 - Method:InitDriver  - Message:Initializing driver instance...
2019-01-19 16:36:56 - INFO  WebDriverFactory:TestNG-tests-1:39 - Method:CloseBrowser  - Message:Closing driver instance...
2019-01-19 16:38:15 - INFO  WebDriverFactory:TestNG-tests-1:46 - Method:InitDriver  - Message:Initializing driver instance...
2019-01-19 16:38:29 - INFO  WebDriverFactory:TestNG-tests-1:39 - Method:CloseBrowser  - Message:Closing driver instance...
2019-01-19 16:39:01 - INFO  WebDriverFactory:TestNG-tests-1:46 - Method:InitDriver  - Message:Initializing driver instance...
2019-01-19 16:39:13 - INFO  WebDriverFactory:TestNG-tests-1:39 - Method:CloseBrowser  - Message:Closing driver instance...
2019-01-19 16:43:43 - INFO  WebDriverFactory:TestNG-tests-1:46 - Method:InitDriver  - Message:Initializing driver instance...
2019-01-19 16:43:56 - INFO  WebDriverFactory:TestNG-tests-1:39 - Method:CloseBrowser  - Message:Closing driver instance...
2019-01-19 16:46:44 - INFO  WebDriverFactory:TestNG-tests-1:46 - Method:InitDriver  - Message:Initializing driver instance...
2019-01-19 16:47:34 - INFO  WebDriverFactory:TestNG-tests-1:46 - Method:InitDriver  - Message:Initializing driver instance...
2019-01-19 16:47:53 - INFO  WebDriverFactory:TestNG-tests-1:39 - Method:CloseBrowser  - Message:Closing driver instance...
2019-01-19 16:48:42 - INFO  WebDriverFactory:TestNG-tests-1:46 - Method:InitDriver  - Message:Initializing driver instance...
2019-01-19 16:49:00 - INFO  WebDriverFactory:TestNG-tests-1:39 - Method:CloseBrowser  - Message:Closing driver instance...
2019-01-19 16:49:41 - INFO  WebDriverFactory:TestNG-tests-1:46 - Method:InitDriver  - Message:Initializing driver instance...
2019-01-19 16:49:59 - INFO  WebDriverFactory:TestNG-tests-1:39 - Method:CloseBrowser  - Message:Closing driver instance...
2019-01-19 16:55:52 - INFO  WebDriverFactory:TestNG-tests-1:46 - Method:InitDriver  - Message:Initializing driver instance...
2019-01-19 16:56:44 - INFO  WebDriverFactory:TestNG-tests-1:46 - Method:InitDriver  - Message:Initializing driver instance...
2019-01-19 16:57:03 - INFO  WebDriverFactory:TestNG-tests-1:39 - Method:CloseBrowser  - Message:Closing driver instance...
2019-01-19 16:58:00 - INFO  WebDriverFactory:TestNG-tests-1:46 - Method:InitDriver  - Message:Initializing driver instance...
2019-01-19 16:58:18 - INFO  WebDriverFactory:TestNG-tests-1:39 - Method:CloseBrowser  - Message:Closing driver instance...
2019-01-19 17:03:04 - INFO  WebDriverFactory:TestNG-tests-1:46 - Method:InitDriver  - Message:Initializing driver instance...
2019-01-19 17:04:36 - INFO  WebDriverFactory:TestNG-tests-1:46 - Method:InitDriver  - Message:Initializing driver instance...
2019-01-19 17:04:55 - INFO  WebDriverFactory:TestNG-tests-1:39 - Method:CloseBrowser  - Message:Closing driver instance...
2019-01-19 17:05:27 - INFO  WebDriverFactory:TestNG-tests-1:46 - Method:InitDriver  - Message:Initializing driver instance...
2019-01-19 17:05:47 - INFO  WebDriverFactory:TestNG-tests-1:39 - Method:CloseBrowser  - Message:Closing driver instance...
2019-01-19 17:06:31 - INFO  WebDriverFactory:TestNG-tests-1:46 - Method:InitDriver  - Message:Initializing driver instance...
2019-01-19 17:06:55 - INFO  WebDriverFactory:TestNG-tests-1:39 - Method:CloseBrowser  - Message:Closing driver instance...
2019-01-19 17:07:21 - INFO  WebDriverFactory:TestNG-tests-1:46 - Method:InitDriver  - Message:Initializing driver instance...
2019-01-19 17:08:11 - INFO  WebDriverFactory:TestNG-tests-1:39 - Method:CloseBrowser  - Message:Closing driver instance...
2019-01-19 17:08:39 - INFO  WebDriverFactory:TestNG-tests-1:46 - Method:InitDriver  - Message:Initializing driver instance...
2019-01-19 17:09:05 - INFO  WebDriverFactory:TestNG-tests-1:39 - Method:CloseBrowser  - Message:Closing driver instance...
2019-01-19 17:52:32 - INFO  WebDriverFactory:TestNG-tests-1:46 - Method:InitDriver  - Message:Initializing driver instance...
2019-01-19 17:55:47 - INFO  WebDriverFactory:TestNG-tests-1:46 - Method:InitDriver  - Message:Initializing driver instance...
2019-01-19 17:56:14 - INFO  WebDriverFactory:TestNG-tests-1:39 - Method:CloseBrowser  - Message:Closing driver instance...
2019-01-22 20:30:27 - INFO  WebDriverFactory:TestNG-tests-1:46 - Method:InitDriver  - Message:Initializing driver instance...
2019-01-22 20:30:48 - INFO  WebDriverFactory:TestNG-tests-1:39 - Method:CloseBrowser  - Message:Closing driver instance...
2019-01-22 20:31:55 - INFO  WebDriverFactory:TestNG-tests-1:46 - Method:InitDriver  - Message:Initializing driver instance...
2019-01-22 20:32:13 - INFO  WebDriverFactory:TestNG-tests-1:39 - Method:CloseBrowser  - Message:Closing driver instance...
2019-01-22 20:40:36 - INFO  WebDriverFactory:TestNG-tests-1:46 - Method:InitDriver  - Message:Initializing driver instance...
2019-01-22 20:40:57 - INFO  WebDriverFactory:TestNG-tests-1:39 - Method:CloseBrowser  - Message:Closing driver instance...
2019-01-22 20:42:15 - INFO  WebDriverFactory:TestNG-tests-1:46 - Method:InitDriver  - Message:Initializing driver instance...
2019-01-22 20:42:33 - INFO  WebDriverFactory:TestNG-tests-1:39 - Method:CloseBrowser  - Message:Closing driver instance...
2019-01-22 20:47:57 - INFO  WebDriverFactory:TestNG-tests-1:46 - Method:InitDriver  - Message:Initializing driver instance...
2019-01-22 20:48:15 - INFO  WebDriverFactory:TestNG-tests-1:39 - Method:CloseBrowser  - Message:Closing driver instance...
2019-01-22 20:53:46 - INFO  WebDriverFactory:TestNG-tests-1:46 - Method:InitDriver  - Message:Initializing driver instance...
2019-01-22 20:54:05 - INFO  WebDriverFactory:TestNG-tests-1:39 - Method:CloseBrowser  - Message:Closing driver instance...
2019-01-23 20:26:23 - INFO  WebDriverFactory:TestNG-tests-1:46 - Method:InitDriver  - Message:Initializing driver instance...
2019-01-23 20:26:40 - INFO  WebDriverFactory:TestNG-tests-1:39 - Method:CloseBrowser  - Message:Closing driver instance...
2019-01-23 20:28:41 - INFO  WebDriverFactory:TestNG-tests-1:46 - Method:InitDriver  - Message:Initializing driver instance...
2019-01-23 20:28:55 - INFO  WebDriverFactory:TestNG-tests-1:39 - Method:CloseBrowser  - Message:Closing driver instance...
2019-01-23 20:30:15 - INFO  WebDriverFactory:TestNG-tests-1:46 - Method:InitDriver  - Message:Initializing driver instance...
2019-01-23 20:30:29 - INFO  WebDriverFactory:TestNG-tests-1:39 - Method:CloseBrowser  - Message:Closing driver instance...
2019-01-23 20:34:04 - INFO  WebDriverFactory:TestNG-tests-1:46 - Method:InitDriver  - Message:Initializing driver instance...
2019-01-23 20:34:18 - INFO  WebDriverFactory:TestNG-tests-1:39 - Method:CloseBrowser  - Message:Closing driver instance...
2019-01-23 20:37:47 - INFO  WebDriverFactory:TestNG-tests-1:46 - Method:InitDriver  - Message:Initializing driver instance...
2019-01-23 20:38:01 - INFO  WebDriverFactory:TestNG-tests-1:39 - Method:CloseBrowser  - Message:Closing driver instance...
2019-01-23 20:42:29 - INFO  WebDriverFactory:TestNG-tests-1:46 - Method:InitDriver  - Message:Initializing driver instance...
2019-01-23 20:42:48 - INFO  WebDriverFactory:TestNG-tests-1:39 - Method:CloseBrowser  - Message:Closing driver instance...
2019-01-23 20:47:30 - INFO  WebDriverFactory:TestNG-tests-1:46 - Method:InitDriver  - Message:Initializing driver instance...
2019-01-23 20:47:51 - INFO  WebDriverFactory:TestNG-tests-1:39 - Method:CloseBrowser  - Message:Closing driver instance...
2019-01-23 20:51:49 - INFO  WebDriverFactory:TestNG-tests-1:46 - Method:InitDriver  - Message:Initializing driver instance...
2019-01-23 20:52:08 - INFO  WebDriverFactory:TestNG-tests-1:39 - Method:CloseBrowser  - Message:Closing driver instance...
2019-01-24 08:17:10 - INFO  WebDriverFactory:TestNG-tests-1:46 - Method:InitDriver  - Message:Initializing driver instance...
2019-01-24 08:17:23 - INFO  WebDriverFactory:TestNG-tests-1:39 - Method:CloseBrowser  - Message:Closing driver instance...
2019-01-25 05:26:18 - INFO  WebDriverFactory:TestNG-tests-1:46 - Method:InitDriver  - Message:Initializing driver instance...
2019-01-25 05:26:37 - INFO  WebDriverFactory:TestNG-tests-1:39 - Method:CloseBrowser  - Message:Closing driver instance...
2019-01-25 05:29:14 - INFO  WebDriverFactory:TestNG-tests-1:46 - Method:InitDriver  - Message:Initializing driver instance...
2019-01-25 05:29:31 - INFO  WebDriverFactory:TestNG-tests-1:39 - Method:CloseBrowser  - Message:Closing driver instance...
2019-01-25 05:32:22 - INFO  WebDriverFactory:TestNG-tests-1:46 - Method:InitDriver  - Message:Initializing driver instance...
2019-01-25 05:32:51 - INFO  WebDriverFactory:TestNG-tests-1:39 - Method:CloseBrowser  - Message:Closing driver instance...
2019-01-25 05:33:39 - INFO  WebDriverFactory:TestNG-tests-1:46 - Method:InitDriver  - Message:Initializing driver instance...
2019-01-25 05:34:13 - INFO  WebDriverFactory:TestNG-tests-1:39 - Method:CloseBrowser  - Message:Closing driver instance...
2019-01-25 05:34:41 - INFO  WebDriverFactory:TestNG-tests-1:46 - Method:InitDriver  - Message:Initializing driver instance...
2019-01-25 05:35:15 - INFO  WebDriverFactory:TestNG-tests-1:39 - Method:CloseBrowser  - Message:Closing driver instance...
2019-01-25 05:38:44 - INFO  WebDriverFactory:TestNG-tests-1:46 - Method:InitDriver  - Message:Initializing driver instance...
2019-01-25 05:39:21 - INFO  WebDriverFactory:TestNG-tests-1:39 - Method:CloseBrowser  - Message:Closing driver instance...
2019-01-25 05:43:05 - INFO  WebDriverFactory:TestNG-tests-1:46 - Method:InitDriver  - Message:Initializing driver instance...
2019-01-25 05:43:39 - INFO  WebDriverFactory:TestNG-tests-1:39 - Method:CloseBrowser  - Message:Closing driver instance...
2019-01-25 05:43:53 - INFO  WebDriverFactory:TestNG-tests-1:46 - Method:InitDriver  - Message:Initializing driver instance...
2019-01-25 05:44:16 - INFO  WebDriverFactory:TestNG-tests-1:39 - Method:CloseBrowser  - Message:Closing driver instance...
2019-01-25 05:45:54 - INFO  WebDriverFactory:TestNG-tests-1:46 - Method:InitDriver  - Message:Initializing driver instance...
2019-01-25 05:46:17 - INFO  WebDriverFactory:TestNG-tests-1:39 - Method:CloseBrowser  - Message:Closing driver instance...
2019-01-25 05:47:14 - INFO  WebDriverFactory:TestNG-tests-1:46 - Method:InitDriver  - Message:Initializing driver instance...
2019-01-25 05:47:37 - INFO  WebDriverFactory:TestNG-tests-1:39 - Method:CloseBrowser  - Message:Closing driver instance...
2019-01-25 05:51:59 - INFO  WebDriverFactory:TestNG-tests-1:46 - Method:InitDriver  - Message:Initializing driver instance...
2019-01-25 05:52:12 - INFO  WebDriverFactory:TestNG-tests-1:39 - Method:CloseBrowser  - Message:Closing driver instance...
2019-01-25 05:53:31 - INFO  WebDriverFactory:TestNG-tests-1:46 - Method:InitDriver  - Message:Initializing driver instance...
2019-01-25 05:53:43 - INFO  WebDriverFactory:TestNG-tests-1:39 - Method:CloseBrowser  - Message:Closing driver instance...
2019-01-25 05:55:28 - INFO  WebDriverFactory:TestNG-tests-1:46 - Method:InitDriver  - Message:Initializing driver instance...
2019-01-25 05:55:41 - INFO  WebDriverFactory:TestNG-tests-1:39 - Method:CloseBrowser  - Message:Closing driver instance...
2019-01-25 05:56:58 - INFO  WebDriverFactory:TestNG-tests-1:46 - Method:InitDriver  - Message:Initializing driver instance...
2019-01-25 05:57:10 - INFO  WebDriverFactory:TestNG-tests-1:39 - Method:CloseBrowser  - Message:Closing driver instance...
2019-01-25 06:11:32 - INFO  WebDriverFactory:TestNG-tests-1:46 - Method:InitDriver  - Message:Initializing driver instance...
2019-01-25 06:11:44 - INFO  WebDriverFactory:TestNG-tests-1:39 - Method:CloseBrowser  - Message:Closing driver instance...
2019-01-25 06:17:35 - INFO  WebDriverFactory:TestNG-tests-1:46 - Method:InitDriver  - Message:Initializing driver instance...
2019-01-25 06:17:48 - INFO  WebDriverFactory:TestNG-tests-1:39 - Method:CloseBrowser  - Message:Closing driver instance...
2019-01-25 06:18:15 - INFO  WebDriverFactory:TestNG-tests-1:46 - Method:InitDriver  - Message:Initializing driver instance...
2019-01-25 06:18:27 - INFO  WebDriverFactory:TestNG-tests-1:39 - Method:CloseBrowser  - Message:Closing driver instance...
2019-01-25 06:20:14 - INFO  WebDriverFactory:TestNG-tests-1:46 - Method:InitDriver  - Message:Initializing driver instance...
2019-01-25 06:20:38 - INFO  WebDriverFactory:TestNG-tests-1:39 - Method:CloseBrowser  - Message:Closing driver instance...
2019-01-25 07:26:39 - INFO  WebDriverFactory:TestNG-tests-1:46 - Method:InitDriver  - Message:Initializing driver instance...
2019-01-25 07:26:49 - INFO  WebDriverFactory:TestNG-tests-1:39 - Method:CloseBrowser  - Message:Closing driver instance...
2019-01-25 07:51:18 - INFO  WebDriverFactory:TestNG-tests-1:46 - Method:InitDriver  - Message:Initializing driver instance...
2019-01-25 07:51:40 - INFO  WebDriverFactory:TestNG-tests-1:39 - Method:CloseBrowser  - Message:Closing driver instance...
2019-01-25 07:54:48 - INFO  WebDriverFactory:TestNG-tests-1:46 - Method:InitDriver  - Message:Initializing driver instance...
2019-01-25 07:55:09 - INFO  WebDriverFactory:TestNG-tests-1:39 - Method:CloseBrowser  - Message:Closing driver instance...
2019-01-25 16:05:03 - INFO  WebDriverFactory:TestNG-tests-1:46 - Method:InitDriver  - Message:Initializing driver instance...
2019-01-25 16:05:31 - INFO  WebDriverFactory:TestNG-tests-1:39 - Method:CloseBrowser  - Message:Closing driver instance...
2019-02-07 19:19:39 - INFO  WebDriverFactory:TestNG-tests-1:46 - Method:InitDriver  - Message:Initializing driver instance...
2019-02-07 19:20:09 - INFO  WebDriverFactory:TestNG-tests-1:39 - Method:CloseBrowser  - Message:Closing driver instance...
2019-02-07 19:37:59 - INFO  WebDriverFactory:TestNG-tests-1:46 - Method:InitDriver  - Message:Initializing driver instance...
2019-02-07 19:38:27 - INFO  WebDriverFactory:TestNG-tests-1:39 - Method:CloseBrowser  - Message:Closing driver instance...
2019-02-07 19:41:06 - INFO  WebDriverFactory:TestNG-tests-1:46 - Method:InitDriver  - Message:Initializing driver instance...
2019-02-07 19:41:35 - INFO  WebDriverFactory:TestNG-tests-1:39 - Method:CloseBrowser  - Message:Closing driver instance...
2019-02-07 19:49:17 - INFO  WebDriverFactory:TestNG-tests-1:46 - Method:InitDriver  - Message:Initializing driver instance...
2019-02-07 19:49:44 - INFO  WebDriverFactory:TestNG-tests-1:39 - Method:CloseBrowser  - Message:Closing driver instance...
2019-02-07 20:12:54 - INFO  WebDriverFactory:TestNG-tests-1:48 - Method:InitDriver  - Message:Initializing driver instance...
2019-02-07 20:13:21 - INFO  WebDriverFactory:TestNG-tests-1:41 - Method:CloseBrowser  - Message:Closing driver instance...
2019-02-07 20:21:41 - INFO  WebDriverFactory:TestNG-tests-1:49 - Method:InitDriver  - Message:Initializing driver instance...
2019-02-07 20:22:08 - INFO  WebDriverFactory:TestNG-tests-1:42 - Method:CloseBrowser  - Message:Closing driver instance...
2019-02-07 20:22:24 - INFO  WebDriverFactory:TestNG-tests-1:49 - Method:InitDriver  - Message:Initializing driver instance...
2019-02-07 20:22:38 - INFO  WebDriverFactory:TestNG-tests-1:42 - Method:CloseBrowser  - Message:Closing driver instance...
2019-02-07 20:24:12 - INFO  WebDriverFactory:TestNG-tests-1:49 - Method:InitDriver  - Message:Initializing driver instance...
2019-02-07 20:24:28 - INFO  WebDriverFactory:TestNG-tests-1:42 - Method:CloseBrowser  - Message:Closing driver instance...
2019-02-07 20:26:06 - INFO  WebDriverFactory:TestNG-tests-1:49 - Method:InitDriver  - Message:Initializing driver instance...
2019-02-07 20:26:27 - INFO  WebDriverFactory:TestNG-tests-1:49 - Method:InitDriver  - Message:Initializing driver instance...
2019-02-07 20:27:13 - INFO  WebDriverFactory:TestNG-tests-1:49 - Method:InitDriver  - Message:Initializing driver instance...
2019-02-07 20:27:30 - INFO  WebDriverFactory:TestNG-tests-1:42 - Method:CloseBrowser  - Message:Closing driver instance...
2019-02-07 20:28:18 - INFO  WebDriverFactory:TestNG-tests-1:49 - Method:InitDriver  - Message:Initializing driver instance...
2019-02-07 20:28:42 - INFO  WebDriverFactory:TestNG-tests-1:42 - Method:CloseBrowser  - Message:Closing driver instance...
2019-02-07 20:28:57 - INFO  WebDriverFactory:TestNG-tests-1:49 - Method:InitDriver  - Message:Initializing driver instance...
2019-02-07 20:29:23 - INFO  WebDriverFactory:TestNG-tests-1:42 - Method:CloseBrowser  - Message:Closing driver instance...
2019-02-07 20:42:38 - INFO  WebDriverFactory:TestNG-tests-1:50 - Method:InitDriver  - Message:Initializing driver instance...
2019-02-07 20:42:51 - INFO  WebDriverFactory:TestNG-tests-1:43 - Method:CloseBrowser  - Message:Closing driver instance...
2019-02-07 20:43:15 - INFO  WebDriverFactory:TestNG-tests-1:50 - Method:InitDriver  - Message:Initializing driver instance...
2019-02-07 20:43:28 - INFO  WebDriverFactory:TestNG-tests-1:43 - Method:CloseBrowser  - Message:Closing driver instance...
2019-02-07 20:47:20 - INFO  WebDriverFactory:TestNG-tests-1:50 - Method:InitDriver  - Message:Initializing driver instance...
2019-02-07 20:47:32 - INFO  WebDriverFactory:TestNG-tests-1:43 - Method:CloseBrowser  - Message:Closing driver instance...
2019-02-07 20:50:28 - INFO  WebDriverFactory:TestNG-tests-1:50 - Method:InitDriver  - Message:Initializing driver instance...
2019-02-07 20:51:07 - INFO  WebDriverFactory:TestNG-tests-1:50 - Method:InitDriver  - Message:Initializing driver instance...
2019-02-07 20:51:34 - INFO  WebDriverFactory:TestNG-tests-1:43 - Method:CloseBrowser  - Message:Closing driver instance...
2019-02-07 20:53:53 - INFO  WebDriverFactory:TestNG-tests-1:50 - Method:InitDriver  - Message:Initializing driver instance...
2019-02-07 20:54:09 - INFO  WebDriverFactory:TestNG-tests-1:43 - Method:CloseBrowser  - Message:Closing driver instance...
2019-02-07 21:06:16 - INFO  WebDriverFactory:TestNG-tests-1:50 - Method:InitDriver  - Message:Initializing driver instance...
2019-02-07 21:06:32 - INFO  WebDriverFactory:TestNG-tests-1:43 - Method:CloseBrowser  - Message:Closing driver instance...
2019-02-07 21:07:33 - INFO  WebDriverFactory:TestNG-tests-1:50 - Method:InitDriver  - Message:Initializing driver instance...
2019-02-07 21:07:49 - INFO  WebDriverFactory:TestNG-tests-1:43 - Method:CloseBrowser  - Message:Closing driver instance...
2019-02-07 21:13:35 - INFO  WebDriverFactory:TestNG-tests-1:50 - Method:InitDriver  - Message:Initializing driver instance...
2019-02-07 21:13:52 - INFO  WebDriverFactory:TestNG-tests-1:43 - Method:CloseBrowser  - Message:Closing driver instance...
2019-02-07 21:16:06 - INFO  WebDriverFactory:TestNG-tests-1:50 - Method:InitDriver  - Message:Initializing driver instance...
2019-02-07 21:16:17 - INFO  WebDriverFactory:TestNG-tests-1:43 - Method:CloseBrowser  - Message:Closing driver instance...
2019-02-07 21:17:40 - INFO  WebDriverFactory:TestNG-tests-1:50 - Method:InitDriver  - Message:Initializing driver instance...
2019-02-07 21:17:52 - INFO  WebDriverFactory:TestNG-tests-1:43 - Method:CloseBrowser  - Message:Closing driver instance...
2019-02-07 21:20:04 - INFO  WebDriverFactory:TestNG-tests-1:50 - Method:InitDriver  - Message:Initializing driver instance...
2019-02-07 21:20:16 - INFO  WebDriverFactory:TestNG-tests-1:43 - Method:CloseBrowser  - Message:Closing driver instance...
2019-02-07 21:20:23 - INFO  WebDriverFactory:TestNG-tests-1:50 - Method:InitDriver  - Message:Initializing driver instance...
2019-02-07 21:20:36 - INFO  WebDriverFactory:TestNG-tests-1:43 - Method:CloseBrowser  - Message:Closing driver instance...
2019-02-07 21:20:56 - INFO  WebDriverFactory:TestNG-tests-1:50 - Method:InitDriver  - Message:Initializing driver instance...
2019-02-07 21:21:08 - INFO  WebDriverFactory:TestNG-tests-1:43 - Method:CloseBrowser  - Message:Closing driver instance...
2019-02-07 21:22:32 - INFO  WebDriverFactory:TestNG-tests-1:50 - Method:InitDriver  - Message:Initializing driver instance...
2019-02-07 21:22:57 - INFO  WebDriverFactory:TestNG-tests-1:43 - Method:CloseBrowser  - Message:Closing driver instance...
2019-02-07 21:23:22 - INFO  WebDriverFactory:TestNG-tests-1:50 - Method:InitDriver  - Message:Initializing driver instance...
2019-02-07 21:23:47 - INFO  WebDriverFactory:TestNG-tests-1:43 - Method:CloseBrowser  - Message:Closing driver instance...
